{"total": {"lines":{"total":34,"covered":18,"skipped":0,"pct":52.94},"statements":{"total":36,"covered":19,"skipped":0,"pct":52.77},"functions":{"total":9,"covered":5,"skipped":0,"pct":55.55},"branches":{"total":8,"covered":2,"skipped":0,"pct":25},"branchesTrue":{"total":0,"covered":0,"skipped":0,"pct":100}}
,"/home/fsbalbuena/Desktop/feedback-consultant/src/App.tsx": {"lines":{"total":7,"covered":0,"skipped":0,"pct":0},"functions":{"total":2,"covered":0,"skipped":0,"pct":0},"statements":{"total":7,"covered":0,"skipped":0,"pct":0},"branches":{"total":2,"covered":0,"skipped":0,"pct":0}}
,"/home/fsbalbuena/Desktop/feedback-consultant/src/main.tsx": {"lines":{"total":5,"covered":0,"skipped":0,"pct":0},"functions":{"total":0,"covered":0,"skipped":0,"pct":100},"statements":{"total":5,"covered":0,"skipped":0,"pct":0},"branches":{"total":0,"covered":0,"skipped":0,"pct":100}}
,"/home/fsbalbuena/Desktop/feedback-consultant/src/data/steps.ts": {"lines":{"total":1,"covered":0,"skipped":0,"pct":0},"functions":{"total":0,"covered":0,"skipped":0,"pct":100},"statements":{"total":1,"covered":0,"skipped":0,"pct":0},"branches":{"total":0,"covered":0,"skipped":0,"pct":100}}
,"/home/fsbalbuena/Desktop/feedback-consultant/src/hooks/useIsMobile.tsx": {"lines":{"total":14,"covered":11,"skipped":0,"pct":78.57},"functions":{"total":6,"covered":4,"skipped":0,"pct":66.66},"statements":{"total":16,"covered":12,"skipped":0,"pct":75},"branches":{"total":2,"covered":0,"skipped":0,"pct":0}}
,"/home/fsbalbuena/Desktop/feedback-consultant/src/views/Home/index.tsx": {"lines":{"total":7,"covered":7,"skipped":0,"pct":100},"functions":{"total":1,"covered":1,"skipped":0,"pct":100},"statements":{"total":7,"covered":7,"skipped":0,"pct":100},"branches":{"total":4,"covered":2,"skipped":0,"pct":50}}
}
